<?xml version="1.0" encoding="UTF-8"?>
<robot generator="Robot 4.1.2 (Python 3.9.1 on win32)" generated="20220206 15:18:08.001" rpa="false" schemaversion="2">
<suite id="s1" name="Get Profile" source="C:\Users\007\PycharmProjects\test-qa-ascend-04\testcase\get_profile.robot">
<test id="s1-t1" name="Scenario: Get Success Data">
<kw name="Get User Profile Data" library="getdata">
<kw name="Create Session" library="RequestsLibrary">
<arg>GetData</arg>
<arg>${base_url.reqres}</arg>
<doc>Create Session: create a HTTP session to a server</doc>
<msg timestamp="20220206 15:18:08.333" level="INFO">Creating Session using : alias=GetData, url=https://reqres.in/, headers={},                     cookies={}, auth=None, timeout=None, proxies=None, verify=False,                     debug=0 </msg>
<status status="PASS" starttime="20220206 15:18:08.332" endtime="20220206 15:18:08.333"/>
</kw>
<kw name="GET On Session" library="RequestsLibrary">
<var>${response}</var>
<arg>GetData</arg>
<arg>${users_id.valid}</arg>
<arg>expected_status= ${http_status_codes.ok}</arg>
<doc>Sends a GET request on a previously created HTTP Session.</doc>
<msg timestamp="20220206 15:18:08.385" level="INFO">GET Request : url=https://reqres.in/api/users/12 
 path_url=/api/users/12 
 headers={'User-Agent': 'python-requests/2.26.0', 'Accept-Encoding': 'gzip, deflate', 'Accept': '*/*', 'Connection': 'keep-alive'} 
 body=None 
 </msg>
<msg timestamp="20220206 15:18:08.386" level="INFO">GET Response : url=https://reqres.in/api/users/12 
 status=200, reason=OK 
 headers={'Date': 'Sun, 06 Feb 2022 08:18:08 GMT', 'Content-Type': 'application/json; charset=utf-8', 'Transfer-Encoding': 'chunked', 'Connection': 'keep-alive', 'x-powered-by': 'Express', 'access-control-allow-origin': '*', 'etag': 'W/"11c-Y8Nrcu5DO2DrJvfp3zc2PKGiar4"', 'via': '1.1 vegur', 'Cache-Control': 'max-age=14400', 'CF-Cache-Status': 'HIT', 'Age': '2090', 'Expect-CT': 'max-age=604800, report-uri="https://report-uri.cloudflare.com/cdn-cgi/beacon/expect-ct"', 'Report-To': '{"endpoints":[{"url":"https:\\/\\/a.nel.cloudflare.com\\/report\\/v3?s=ikD9kmBy7edAfy%2BhiMEWnMIj75qe6mw0gXrWywvG1Fn2PFbvoMhoUuF1obmj9iFttpmXKMjjBGi%2BTE5NjZFH6JWjoUtS%2Fw8zFo3ZKrDztXvjQEcHWk68%2BDqSzO1Pg3phVgYIFyct9QA%3D"}],"group":"cf-nel","max_age":604800}', 'NEL': '{"success_fraction":0,"report_to":"cf-nel","max_age":604800}', 'Vary': 'Accept-Encoding', 'Server': 'cloudflare', 'CF-RAY': '6d92f2323e465ab6-BKK', 'Content-Encoding': 'gzip', 'alt-svc': 'h3=":443"; ma=86400, h3-29=":443"; ma=86400'} 
 body={"data":{"id":12,"email":"rachel.howell@reqres.in","first_name":"Rachel","last_name":"Howell","avatar":"https://reqres.in/img/faces/12-image.jpg"},"support":{"url":"https://reqres.in/#support-heading","text":"To keep ReqRes free, contributions towards server costs are appreciated!"}} 
 </msg>
<msg timestamp="20220206 15:18:08.386" level="INFO">c:\users\007\desktop\first_robotframework\lib\site-packages\urllib3\connectionpool.py:1013: InsecureRequestWarning: Unverified HTTPS request is being made to host 'reqres.in'. Adding certificate verification is strongly advised. See: https://urllib3.readthedocs.io/en/1.26.x/advanced-usage.html#ssl-warnings
  warnings.warn(</msg>
<msg timestamp="20220206 15:18:08.386" level="INFO">${response} = &lt;Response [200]&gt;</msg>
<status status="PASS" starttime="20220206 15:18:08.333" endtime="20220206 15:18:08.386"/>
</kw>
<kw name="Convert To String" library="BuiltIn">
<var>${actual_code}</var>
<arg>${response.status_code}</arg>
<doc>Converts the given item to a Unicode string.</doc>
<msg timestamp="20220206 15:18:08.387" level="INFO">${actual_code} = 200</msg>
<status status="PASS" starttime="20220206 15:18:08.386" endtime="20220206 15:18:08.387"/>
</kw>
<kw name="Check Get Data" library="checkdata">
<arg>${actual_code}</arg>
<arg>${response.json()}</arg>
<kw name="Should Be Equal" library="BuiltIn">
<arg>${actual_code}</arg>
<arg>${http_status_codes.ok}</arg>
<doc>Fails if the given objects are unequal.</doc>
<status status="PASS" starttime="20220206 15:18:08.388" endtime="20220206 15:18:08.388"/>
</kw>
<kw name="Should Be Equal As Strings" library="BuiltIn">
<arg>${data_id.id}</arg>
<arg>${response.json()}[data][id]</arg>
<doc>Fails if objects are unequal after converting them to strings.</doc>
<status status="PASS" starttime="20220206 15:18:08.388" endtime="20220206 15:18:08.389"/>
</kw>
<kw name="Should Be Equal As Strings" library="BuiltIn">
<arg>${data_id.email}</arg>
<arg>${response.json()}[data][email]</arg>
<doc>Fails if objects are unequal after converting them to strings.</doc>
<status status="PASS" starttime="20220206 15:18:08.389" endtime="20220206 15:18:08.390"/>
</kw>
<kw name="Should Be Equal As Strings" library="BuiltIn">
<arg>${data_id.first_name}</arg>
<arg>${response.json()}[data][first_name]</arg>
<doc>Fails if objects are unequal after converting them to strings.</doc>
<status status="PASS" starttime="20220206 15:18:08.390" endtime="20220206 15:18:08.391"/>
</kw>
<kw name="Should Be Equal As Strings" library="BuiltIn">
<arg>${data_id.last_name}</arg>
<arg>${response.json()}[data][last_name]</arg>
<doc>Fails if objects are unequal after converting them to strings.</doc>
<status status="PASS" starttime="20220206 15:18:08.391" endtime="20220206 15:18:08.391"/>
</kw>
<kw name="Should Be Equal As Strings" library="BuiltIn">
<arg>${data_id.avatar}</arg>
<arg>${response.json()}[data][avatar]</arg>
<doc>Fails if objects are unequal after converting them to strings.</doc>
<status status="PASS" starttime="20220206 15:18:08.391" endtime="20220206 15:18:08.392"/>
</kw>
<status status="PASS" starttime="20220206 15:18:08.387" endtime="20220206 15:18:08.392"/>
</kw>
<kw name="Log To Console" library="BuiltIn">
<arg>${actual_code}</arg>
<doc>Logs the given message to the console.</doc>
<status status="PASS" starttime="20220206 15:18:08.392" endtime="20220206 15:18:08.393"/>
</kw>
<kw name="Log To Console" library="BuiltIn">
<arg>${response.content}</arg>
<doc>Logs the given message to the console.</doc>
<status status="PASS" starttime="20220206 15:18:08.393" endtime="20220206 15:18:08.393"/>
</kw>
<status status="PASS" starttime="20220206 15:18:08.332" endtime="20220206 15:18:08.394"/>
</kw>
<status status="PASS" starttime="20220206 15:18:08.332" endtime="20220206 15:18:08.395"/>
</test>
<test id="s1-t2" name="Scenario: Get Unsuccess Data">
<kw name="Get Not Found User Profile Data" library="getdata">
<kw name="Create Session" library="RequestsLibrary">
<arg>GetData</arg>
<arg>${base_url.reqres}</arg>
<doc>Create Session: create a HTTP session to a server</doc>
<msg timestamp="20220206 15:18:08.397" level="INFO">Creating Session using : alias=GetData, url=https://reqres.in/, headers={},                     cookies={}, auth=None, timeout=None, proxies=None, verify=False,                     debug=0 </msg>
<status status="PASS" starttime="20220206 15:18:08.397" endtime="20220206 15:18:08.397"/>
</kw>
<kw name="GET On Session" library="RequestsLibrary">
<var>${response}</var>
<arg>GetData</arg>
<arg>${users_id.invalid}</arg>
<arg>expected_status= ${http_status_codes.not_found}</arg>
<doc>Sends a GET request on a previously created HTTP Session.</doc>
<msg timestamp="20220206 15:18:09.098" level="INFO">GET Request : url=https://reqres.in/api/users/1234 
 path_url=/api/users/1234 
 headers={'User-Agent': 'python-requests/2.26.0', 'Accept-Encoding': 'gzip, deflate', 'Accept': '*/*', 'Connection': 'keep-alive'} 
 body=None 
 </msg>
<msg timestamp="20220206 15:18:09.098" level="INFO">GET Response : url=https://reqres.in/api/users/1234 
 status=404, reason=Not Found 
 headers={'Date': 'Sun, 06 Feb 2022 08:18:09 GMT', 'Content-Type': 'application/json; charset=utf-8', 'Content-Length': '2', 'Connection': 'keep-alive', 'x-powered-by': 'Express', 'access-control-allow-origin': '*', 'etag': 'W/"2-vyGp6PvFo4RvsFtPoIWeCReyIC8"', 'via': '1.1 vegur', 'Cache-Control': 'max-age=14400', 'CF-Cache-Status': 'EXPIRED', 'Expect-CT': 'max-age=604800, report-uri="https://report-uri.cloudflare.com/cdn-cgi/beacon/expect-ct"', 'Report-To': '{"endpoints":[{"url":"https:\\/\\/a.nel.cloudflare.com\\/report\\/v3?s=x%2FerT5p9dHt5ISfntske1juiIRgtOV1OG%2FdGdKVYXtGDkhV5nh%2B482o6HcZjEEjYxuO5xcQfS5X06HAFU3RvQFyeeCSBgF0qionDKLYgneSPi0B2W%2F1iySu807IfqQ%2FUn7orbrUOb7w%3D"}],"group":"cf-nel","max_age":604800}', 'NEL': '{"success_fraction":0,"report_to":"cf-nel","max_age":604800}', 'Vary': 'Accept-Encoding', 'Server': 'cloudflare', 'CF-RAY': '6d92f2328aaa26d5-BKK', 'alt-svc': 'h3=":443"; ma=86400, h3-29=":443"; ma=86400'} 
 body={} 
 </msg>
<msg timestamp="20220206 15:18:09.099" level="INFO">c:\users\007\desktop\first_robotframework\lib\site-packages\urllib3\connectionpool.py:1013: InsecureRequestWarning: Unverified HTTPS request is being made to host 'reqres.in'. Adding certificate verification is strongly advised. See: https://urllib3.readthedocs.io/en/1.26.x/advanced-usage.html#ssl-warnings
  warnings.warn(</msg>
<msg timestamp="20220206 15:18:09.099" level="INFO">${response} = &lt;Response [404]&gt;</msg>
<status status="PASS" starttime="20220206 15:18:08.397" endtime="20220206 15:18:09.099"/>
</kw>
<kw name="Convert To String" library="BuiltIn">
<var>${actual_code}</var>
<arg>${response.status_code}</arg>
<doc>Converts the given item to a Unicode string.</doc>
<msg timestamp="20220206 15:18:09.100" level="INFO">${actual_code} = 404</msg>
<status status="PASS" starttime="20220206 15:18:09.099" endtime="20220206 15:18:09.100"/>
</kw>
<kw name="Log To Console" library="BuiltIn">
<arg>${actual_code}</arg>
<doc>Logs the given message to the console.</doc>
<status status="PASS" starttime="20220206 15:18:09.100" endtime="20220206 15:18:09.101"/>
</kw>
<kw name="Log To Console" library="BuiltIn">
<arg>${response.content}</arg>
<doc>Logs the given message to the console.</doc>
<status status="PASS" starttime="20220206 15:18:09.101" endtime="20220206 15:18:09.101"/>
</kw>
<status status="PASS" starttime="20220206 15:18:08.396" endtime="20220206 15:18:09.102"/>
</kw>
<status status="PASS" starttime="20220206 15:18:08.396" endtime="20220206 15:18:09.102"/>
</test>
<status status="PASS" starttime="20220206 15:18:08.002" endtime="20220206 15:18:09.104"/>
</suite>
<statistics>
<total>
<stat pass="2" fail="0" skip="0">All Tests</stat>
</total>
<tag>
</tag>
<suite>
<stat pass="2" fail="0" skip="0" id="s1" name="Get Profile">Get Profile</stat>
</suite>
</statistics>
<errors>
</errors>
</robot>
