<?xml version="1.0" encoding="UTF-8"?>
<robot generator="Robot 4.1.2 (Python 3.9.1 on win32)" generated="20220207 17:18:19.816" rpa="false" schemaversion="2">
<suite id="s1" name="Get Profile" source="C:\Users\007\PycharmProjects\test-qa-ascend-04\testcase\get_profile.robot">
<test id="s1-t1" name="Scenario: Get Success Data">
<kw name="Given User has valid requset to get profile data" library="getdata" sourcename="User has ${case} requset to get profile data">
<kw name="Set Test Variable" library="BuiltIn">
<arg>${user_id}</arg>
<arg>${users_id.${case}}</arg>
<doc>Makes a variable available everywhere within the scope of the current test.</doc>
<msg timestamp="20220207 17:18:19.923" level="INFO">${user_id} = 12</msg>
<status status="PASS" starttime="20220207 17:18:19.922" endtime="20220207 17:18:19.923"/>
</kw>
<status status="PASS" starttime="20220207 17:18:19.922" endtime="20220207 17:18:19.924"/>
</kw>
<kw name="When Get User Profile Data" library="getdata">
<kw name="Create Session" library="RequestsLibrary">
<arg>GetData</arg>
<arg>${base_url.reqres}</arg>
<doc>Create Session: create a HTTP session to a server</doc>
<msg timestamp="20220207 17:18:19.924" level="INFO">Creating Session using : alias=GetData, url=https://reqres.in/, headers={},                     cookies={}, auth=None, timeout=None, proxies=None, verify=False,                     debug=0 </msg>
<status status="PASS" starttime="20220207 17:18:19.924" endtime="20220207 17:18:19.925"/>
</kw>
<kw name="GET On Session" library="RequestsLibrary">
<var>${response}</var>
<arg>GetData</arg>
<arg>${get_profile_data_url}${user_id}</arg>
<arg>expected_status=any</arg>
<doc>Sends a GET request on a previously created HTTP Session.</doc>
<msg timestamp="20220207 17:18:19.969" level="INFO">GET Request : url=https://reqres.in/api/users/12 
 path_url=/api/users/12 
 headers={'User-Agent': 'python-requests/2.26.0', 'Accept-Encoding': 'gzip, deflate', 'Accept': '*/*', 'Connection': 'keep-alive'} 
 body=None 
 </msg>
<msg timestamp="20220207 17:18:19.969" level="INFO">GET Response : url=https://reqres.in/api/users/12 
 status=200, reason=OK 
 headers={'Date': 'Mon, 07 Feb 2022 10:18:20 GMT', 'Content-Type': 'application/json; charset=utf-8', 'Transfer-Encoding': 'chunked', 'Connection': 'keep-alive', 'x-powered-by': 'Express', 'access-control-allow-origin': '*', 'etag': 'W/"11c-Y8Nrcu5DO2DrJvfp3zc2PKGiar4"', 'via': '1.1 vegur', 'Cache-Control': 'max-age=14400', 'CF-Cache-Status': 'HIT', 'Age': '617', 'Expect-CT': 'max-age=604800, report-uri="https://report-uri.cloudflare.com/cdn-cgi/beacon/expect-ct"', 'Report-To': '{"endpoints":[{"url":"https:\\/\\/a.nel.cloudflare.com\\/report\\/v3?s=lNF60mXlx4No%2FIEKsSOuyE1wUHUxTjkbqWyYgR%2Fi%2BEr5OIqgKXdatkUm04VRpCuu9KbKiMMG9jNi3Hu2JFHqufO4Ruz%2F0cW8LX3MvBN%2FjrzJ8x5dUg%2BZhoJReCrFCkrG1ybEVtWd%2BAg%3D"}],"group":"cf-nel","max_age":604800}', 'NEL': '{"success_fraction":0,"report_to":"cf-nel","max_age":604800}', 'Vary': 'Accept-Encoding', 'Server': 'cloudflare', 'CF-RAY': '6d9bdfa88e5f272e-BKK', 'Content-Encoding': 'gzip', 'alt-svc': 'h3=":443"; ma=86400, h3-29=":443"; ma=86400'} 
 body={"data":{"id":12,"email":"rachel.howell@reqres.in","first_name":"Rachel","last_name":"Howell","avatar":"https://reqres.in/img/faces/12-image.jpg"},"support":{"url":"https://reqres.in/#support-heading","text":"To keep ReqRes free, contributions towards server costs are appreciated!"}} 
 </msg>
<msg timestamp="20220207 17:18:19.969" level="INFO">c:\users\007\desktop\test-qa-ascend-04\lib\site-packages\urllib3\connectionpool.py:1043: InsecureRequestWarning: Unverified HTTPS request is being made to host 'reqres.in'. Adding certificate verification is strongly advised. See: https://urllib3.readthedocs.io/en/1.26.x/advanced-usage.html#ssl-warnings
  warnings.warn(</msg>
<msg timestamp="20220207 17:18:19.969" level="INFO">${response} = &lt;Response [200]&gt;</msg>
<status status="PASS" starttime="20220207 17:18:19.925" endtime="20220207 17:18:19.970"/>
</kw>
<kw name="Set Test Variable" library="BuiltIn">
<arg>${response}</arg>
<doc>Makes a variable available everywhere within the scope of the current test.</doc>
<msg timestamp="20220207 17:18:19.970" level="INFO">${response} = &lt;Response [200]&gt;</msg>
<status status="PASS" starttime="20220207 17:18:19.970" endtime="20220207 17:18:19.970"/>
</kw>
<status status="PASS" starttime="20220207 17:18:19.924" endtime="20220207 17:18:19.970"/>
</kw>
<kw name="Then Varify get user profile response success" library="getdata">
<kw name="Should Be Equal As Strings" library="BuiltIn">
<arg>${http_status_codes.ok}</arg>
<arg>${response.status_code}</arg>
<doc>Fails if objects are unequal after converting them to strings.</doc>
<msg timestamp="20220207 17:18:19.972" level="INFO">Argument types are:
&lt;type 'unicode'&gt;
&lt;class 'int'&gt;</msg>
<status status="PASS" starttime="20220207 17:18:19.971" endtime="20220207 17:18:19.972"/>
</kw>
<kw name="Should Be Equal As Strings" library="BuiltIn">
<arg>${data_id.id}</arg>
<arg>${response.json()}[data][id]</arg>
<doc>Fails if objects are unequal after converting them to strings.</doc>
<status status="PASS" starttime="20220207 17:18:19.973" endtime="20220207 17:18:19.974"/>
</kw>
<kw name="Should Be Equal As Strings" library="BuiltIn">
<arg>${data_id.email}</arg>
<arg>${response.json()}[data][email]</arg>
<doc>Fails if objects are unequal after converting them to strings.</doc>
<status status="PASS" starttime="20220207 17:18:19.974" endtime="20220207 17:18:19.975"/>
</kw>
<kw name="Should Be Equal As Strings" library="BuiltIn">
<arg>${data_id.first_name}</arg>
<arg>${response.json()}[data][first_name]</arg>
<doc>Fails if objects are unequal after converting them to strings.</doc>
<status status="PASS" starttime="20220207 17:18:19.975" endtime="20220207 17:18:19.976"/>
</kw>
<kw name="Should Be Equal As Strings" library="BuiltIn">
<arg>${data_id.last_name}</arg>
<arg>${response.json()}[data][last_name]</arg>
<doc>Fails if objects are unequal after converting them to strings.</doc>
<status status="PASS" starttime="20220207 17:18:19.976" endtime="20220207 17:18:19.978"/>
</kw>
<kw name="Should Be Equal As Strings" library="BuiltIn">
<arg>${data_id.avatar}</arg>
<arg>${response.json()}[data][avatar]</arg>
<doc>Fails if objects are unequal after converting them to strings.</doc>
<status status="PASS" starttime="20220207 17:18:19.978" endtime="20220207 17:18:19.979"/>
</kw>
<status status="PASS" starttime="20220207 17:18:19.971" endtime="20220207 17:18:19.979"/>
</kw>
<status status="PASS" starttime="20220207 17:18:19.921" endtime="20220207 17:18:19.980"/>
</test>
<test id="s1-t2" name="Scenario: Get Unsuccess Data">
<kw name="Given User has invalid requset to get profile data" library="getdata" sourcename="User has ${case} requset to get profile data">
<kw name="Set Test Variable" library="BuiltIn">
<arg>${user_id}</arg>
<arg>${users_id.${case}}</arg>
<doc>Makes a variable available everywhere within the scope of the current test.</doc>
<msg timestamp="20220207 17:18:19.983" level="INFO">${user_id} = 1234</msg>
<status status="PASS" starttime="20220207 17:18:19.982" endtime="20220207 17:18:19.984"/>
</kw>
<status status="PASS" starttime="20220207 17:18:19.981" endtime="20220207 17:18:19.984"/>
</kw>
<kw name="When Get User Profile Data" library="getdata">
<kw name="Create Session" library="RequestsLibrary">
<arg>GetData</arg>
<arg>${base_url.reqres}</arg>
<doc>Create Session: create a HTTP session to a server</doc>
<msg timestamp="20220207 17:18:19.985" level="INFO">Creating Session using : alias=GetData, url=https://reqres.in/, headers={},                     cookies={}, auth=None, timeout=None, proxies=None, verify=False,                     debug=0 </msg>
<status status="PASS" starttime="20220207 17:18:19.985" endtime="20220207 17:18:19.985"/>
</kw>
<kw name="GET On Session" library="RequestsLibrary">
<var>${response}</var>
<arg>GetData</arg>
<arg>${get_profile_data_url}${user_id}</arg>
<arg>expected_status=any</arg>
<doc>Sends a GET request on a previously created HTTP Session.</doc>
<msg timestamp="20220207 17:18:20.033" level="INFO">GET Request : url=https://reqres.in/api/users/1234 
 path_url=/api/users/1234 
 headers={'User-Agent': 'python-requests/2.26.0', 'Accept-Encoding': 'gzip, deflate', 'Accept': '*/*', 'Connection': 'keep-alive'} 
 body=None 
 </msg>
<msg timestamp="20220207 17:18:20.033" level="INFO">GET Response : url=https://reqres.in/api/users/1234 
 status=404, reason=Not Found 
 headers={'Date': 'Mon, 07 Feb 2022 10:18:20 GMT', 'Content-Type': 'application/json; charset=utf-8', 'Content-Length': '2', 'Connection': 'keep-alive', 'x-powered-by': 'Express', 'access-control-allow-origin': '*', 'etag': 'W/"2-vyGp6PvFo4RvsFtPoIWeCReyIC8"', 'via': '1.1 vegur', 'Cache-Control': 'max-age=14400', 'CF-Cache-Status': 'HIT', 'Age': '12', 'Expect-CT': 'max-age=604800, report-uri="https://report-uri.cloudflare.com/cdn-cgi/beacon/expect-ct"', 'Report-To': '{"endpoints":[{"url":"https:\\/\\/a.nel.cloudflare.com\\/report\\/v3?s=7x5hj048NlYiGDctxF3ZPtbUC%2BCDqmpLjkfQube6VzBn6%2Fnqs42NwY58qNmsOYlMR7d4CShPRrefT%2BfPw%2Bcfr9xAOCZhY16Hy%2FGT%2FOTsAFgpQJKl%2BDBFiW58Bv8I%2BU5Sqb%2FoOjBVVsM%3D"}],"group":"cf-nel","max_age":604800}', 'NEL': '{"success_fraction":0,"report_to":"cf-nel","max_age":604800}', 'Vary': 'Accept-Encoding', 'Server': 'cloudflare', 'CF-RAY': '6d9bdfa8d9de26e9-BKK', 'alt-svc': 'h3=":443"; ma=86400, h3-29=":443"; ma=86400'} 
 body={} 
 </msg>
<msg timestamp="20220207 17:18:20.033" level="INFO">c:\users\007\desktop\test-qa-ascend-04\lib\site-packages\urllib3\connectionpool.py:1043: InsecureRequestWarning: Unverified HTTPS request is being made to host 'reqres.in'. Adding certificate verification is strongly advised. See: https://urllib3.readthedocs.io/en/1.26.x/advanced-usage.html#ssl-warnings
  warnings.warn(</msg>
<msg timestamp="20220207 17:18:20.033" level="INFO">${response} = &lt;Response [404]&gt;</msg>
<status status="PASS" starttime="20220207 17:18:19.985" endtime="20220207 17:18:20.033"/>
</kw>
<kw name="Set Test Variable" library="BuiltIn">
<arg>${response}</arg>
<doc>Makes a variable available everywhere within the scope of the current test.</doc>
<msg timestamp="20220207 17:18:20.034" level="INFO">${response} = &lt;Response [404]&gt;</msg>
<status status="PASS" starttime="20220207 17:18:20.033" endtime="20220207 17:18:20.034"/>
</kw>
<status status="PASS" starttime="20220207 17:18:19.984" endtime="20220207 17:18:20.034"/>
</kw>
<kw name="Then Varify get user profile response not found" library="getdata">
<kw name="Should Be Equal As Strings" library="BuiltIn">
<arg>${http_status_codes.not_found}</arg>
<arg>${response.status_code}</arg>
<doc>Fails if objects are unequal after converting them to strings.</doc>
<msg timestamp="20220207 17:18:20.036" level="INFO">Argument types are:
&lt;type 'unicode'&gt;
&lt;class 'int'&gt;</msg>
<status status="PASS" starttime="20220207 17:18:20.035" endtime="20220207 17:18:20.036"/>
</kw>
<kw name="Should Be Equal As Strings" library="BuiltIn">
<arg>{}</arg>
<arg>${response.content}</arg>
<doc>Fails if objects are unequal after converting them to strings.</doc>
<msg timestamp="20220207 17:18:20.036" level="INFO">Argument types are:
&lt;type 'unicode'&gt;
&lt;class 'bytes'&gt;</msg>
<status status="PASS" starttime="20220207 17:18:20.036" endtime="20220207 17:18:20.037"/>
</kw>
<status status="PASS" starttime="20220207 17:18:20.035" endtime="20220207 17:18:20.037"/>
</kw>
<status status="PASS" starttime="20220207 17:18:19.981" endtime="20220207 17:18:20.037"/>
</test>
<status status="PASS" starttime="20220207 17:18:19.817" endtime="20220207 17:18:20.039"/>
</suite>
<statistics>
<total>
<stat pass="2" fail="0" skip="0">All Tests</stat>
</total>
<tag>
</tag>
<suite>
<stat pass="2" fail="0" skip="0" id="s1" name="Get Profile">Get Profile</stat>
</suite>
</statistics>
<errors>
</errors>
</robot>
